<?xml version="1.0" encoding="UTF-8"?>
<!-- Generated by org.testng.reporters.JUnitXMLReporter -->
<testsuite hostname="DESKTOP-AMBJLN2" ignored="0" name="Regression1" tests="1" failures="0" timestamp="17 Jul 2020 12:41:52 GMT" time="4.06" errors="0">
  <testcase name="@BeforeMethod WebDriverManagerTest" time="3.993" classname="com.github.Automate.AutomateRepository">
    <failure type="org.openqa.selenium.SessionNotCreatedException" message="session not created: This version of ChromeDriver only supports Chrome version 84
Build info: version: &amp;apos;3.141.59&amp;apos;, revision: &amp;apos;e82be7d358&amp;apos;, time: &amp;apos;2018-11-14T08:17:03&amp;apos;
System info: host: &amp;apos;DESKTOP-AMBJLN2&amp;apos;, ip: &amp;apos;192.168.1.4&amp;apos;, os.name: &amp;apos;Windows 10&amp;apos;, os.arch: &amp;apos;amd64&amp;apos;, os.version: &amp;apos;10.0&amp;apos;, java.version: &amp;apos;1.8.0_251&amp;apos;
Driver info: driver.version: ChromeDriver
remote stacktrace: Backtrace:
	Ordinal0 [0x012687E3+2852835]
	Ordinal0 [0x01155BB1+1727409]
	Ordinal0 [0x0102E4B9+517305]
	Ordinal0 [0x00FC0BA0+68512]
	Ordinal0 [0x00FBD3A0+54176]
	Ordinal0 [0x00FDD9F7+186871]
	Ordinal0 [0x00FDD7FD+186365]
	Ordinal0 [0x00FDB70B+177931]
	Ordinal0 [0x00FC2584+75140]
	Ordinal0 [0x00FC3650+79440]
	Ordinal0 [0x00FC35E9+79337]
	Ordinal0 [0x0116AD5C+1813852]
	GetHandleVerifier [0x0138C616+1075574]
	GetHandleVerifier [0x0138C367+1074887]
	GetHandleVerifier [0x01397497+1120247]
	GetHandleVerifier [0x0138CC16+1077110]
	Ordinal0 [0x01163206+1782278]
	Ordinal0 [0x0116C3BB+1819579]
	Ordinal0 [0x0116C523+1819939]
	Ordinal0 [0x01182B45+1911621]
	BaseThreadInitThunk [0x770CF989+25]
	RtlGetAppContainerNamedObjectPath [0x77AA7084+228]
	RtlGetAppContainerNamedObjectPath [0x77AA7054+180]
">
      <![CDATA[org.openqa.selenium.SessionNotCreatedException: session not created: This version of ChromeDriver only supports Chrome version 84
Build info: version: '3.141.59', revision: 'e82be7d358', time: '2018-11-14T08:17:03'
System info: host: 'DESKTOP-AMBJLN2', ip: '192.168.1.4', os.name: 'Windows 10', os.arch: 'amd64', os.version: '10.0', java.version: '1.8.0_251'
Driver info: driver.version: ChromeDriver
remote stacktrace: Backtrace:
Ordinal0 [0x012687E3+2852835]
Ordinal0 [0x01155BB1+1727409]
Ordinal0 [0x0102E4B9+517305]
Ordinal0 [0x00FC0BA0+68512]
Ordinal0 [0x00FBD3A0+54176]
Ordinal0 [0x00FDD9F7+186871]
Ordinal0 [0x00FDD7FD+186365]
Ordinal0 [0x00FDB70B+177931]
Ordinal0 [0x00FC2584+75140]
Ordinal0 [0x00FC3650+79440]
Ordinal0 [0x00FC35E9+79337]
Ordinal0 [0x0116AD5C+1813852]
GetHandleVerifier [0x0138C616+1075574]
GetHandleVerifier [0x0138C367+1074887]
GetHandleVerifier [0x01397497+1120247]
GetHandleVerifier [0x0138CC16+1077110]
Ordinal0 [0x01163206+1782278]
Ordinal0 [0x0116C3BB+1819579]
Ordinal0 [0x0116C523+1819939]
Ordinal0 [0x01182B45+1911621]
BaseThreadInitThunk [0x770CF989+25]
RtlGetAppContainerNamedObjectPath [0x77AA7084+228]
RtlGetAppContainerNamedObjectPath [0x77AA7054+180]

at org.openqa.selenium.remote.W3CHandshakeResponse.lambda$errorHandler$0(W3CHandshakeResponse.java:62)
at org.openqa.selenium.remote.HandshakeResponse.lambda$getResponseFunction$0(HandshakeResponse.java:30)
at org.openqa.selenium.remote.ProtocolHandshake.lambda$createSession$0(ProtocolHandshake.java:126)
at java.util.stream.ReferencePipeline$3$1.accept(ReferencePipeline.java:193)
at java.util.Spliterators$ArraySpliterator.tryAdvance(Spliterators.java:958)
at java.util.stream.ReferencePipeline.forEachWithCancel(ReferencePipeline.java:126)
at java.util.stream.AbstractPipeline.copyIntoWithCancel(AbstractPipeline.java:499)
at java.util.stream.AbstractPipeline.copyInto(AbstractPipeline.java:486)
at java.util.stream.AbstractPipeline.wrapAndCopyInto(AbstractPipeline.java:472)
at java.util.stream.FindOps$FindOp.evaluateSequential(FindOps.java:152)
at java.util.stream.AbstractPipeline.evaluate(AbstractPipeline.java:234)
at java.util.stream.ReferencePipeline.findFirst(ReferencePipeline.java:464)
at org.openqa.selenium.remote.ProtocolHandshake.createSession(ProtocolHandshake.java:128)
at org.openqa.selenium.remote.ProtocolHandshake.createSession(ProtocolHandshake.java:74)
at org.openqa.selenium.remote.HttpCommandExecutor.execute(HttpCommandExecutor.java:136)
at org.openqa.selenium.remote.service.DriverCommandExecutor.execute(DriverCommandExecutor.java:83)
at org.openqa.selenium.remote.RemoteWebDriver.execute(RemoteWebDriver.java:552)
at org.openqa.selenium.remote.RemoteWebDriver.startSession(RemoteWebDriver.java:213)
at org.openqa.selenium.remote.RemoteWebDriver.<init>(RemoteWebDriver.java:131)
at org.openqa.selenium.chrome.ChromeDriver.<init>(ChromeDriver.java:181)
at org.openqa.selenium.chrome.ChromeDriver.<init>(ChromeDriver.java:168)
at org.openqa.selenium.chrome.ChromeDriver.<init>(ChromeDriver.java:123)
at com.github.Automate.AutomateRepository.WebDriverManagerTest(AutomateRepository.java:22)
... Removed 36 stack frames]]>
    </failure>
  </testcase> <!-- @BeforeMethod WebDriverManagerTest -->
  <testcase name="CreateRepository" time="0.0" classname="com.github.Automate.AutomateRepository">
    <skipped/>
  </testcase> <!-- CreateRepository -->
</testsuite> <!-- Regression1 -->
