<?xml version="1.0" encoding="UTF-8"?>
<!-- Generated by org.testng.reporters.JUnitReportReporter -->
<testsuite skipped="1" hostname="DESKTOP-AMBJLN2" name="com.github.Automate.AutomateRepository" tests="2" failures="0" timestamp="17 Jul 2020 12:41:52 GMT" time="3.993" errors="1">
  <testcase name="WebDriverManagerTest" time="3.993" classname="com.github.Automate.AutomateRepository">
    <error type="org.openqa.selenium.SessionNotCreatedException" message="session not created: This version of ChromeDriver only supports Chrome version 84
Build info: version: &#039;3.141.59&#039;, revision: &#039;e82be7d358&#039;, time: &#039;2018-11-14T08:17:03&#039;
System info: host: &#039;DESKTOP-AMBJLN2&#039;, ip: &#039;192.168.1.4&#039;, os.name: &#039;Windows 10&#039;, os.arch: &#039;amd64&#039;, os.version: &#039;10.0&#039;, java.version: &#039;1.8.0_251&#039;
Driver info: driver.version: ChromeDriver
remote stacktrace: Backtrace:
	Ordinal0 [0x012687E3+2852835]
	Ordinal0 [0x01155BB1+1727409]
	Ordinal0 [0x0102E4B9+517305]
	Ordinal0 [0x00FC0BA0+68512]
	Ordinal0 [0x00FBD3A0+54176]
	Ordinal0 [0x00FDD9F7+186871]
	Ordinal0 [0x00FDD7FD+186365]
	Ordinal0 [0x00FDB70B+177931]
	Ordinal0 [0x00FC2584+75140]
	Ordinal0 [0x00FC3650+79440]
	Ordinal0 [0x00FC35E9+79337]
	Ordinal0 [0x0116AD5C+1813852]
	GetHandleVerifier [0x0138C616+1075574]
	GetHandleVerifier [0x0138C367+1074887]
	GetHandleVerifier [0x01397497+1120247]
	GetHandleVerifier [0x0138CC16+1077110]
	Ordinal0 [0x01163206+1782278]
	Ordinal0 [0x0116C3BB+1819579]
	Ordinal0 [0x0116C523+1819939]
	Ordinal0 [0x01182B45+1911621]
	BaseThreadInitThunk [0x770CF989+25]
	RtlGetAppContainerNamedObjectPath [0x77AA7084+228]
	RtlGetAppContainerNamedObjectPath [0x77AA7054+180]
">
      <![CDATA[org.openqa.selenium.SessionNotCreatedException: session not created: This version of ChromeDriver only supports Chrome version 84
Build info: version: '3.141.59', revision: 'e82be7d358', time: '2018-11-14T08:17:03'
System info: host: 'DESKTOP-AMBJLN2', ip: '192.168.1.4', os.name: 'Windows 10', os.arch: 'amd64', os.version: '10.0', java.version: '1.8.0_251'
Driver info: driver.version: ChromeDriver
remote stacktrace: Backtrace:
Ordinal0 [0x012687E3+2852835]
Ordinal0 [0x01155BB1+1727409]
Ordinal0 [0x0102E4B9+517305]
Ordinal0 [0x00FC0BA0+68512]
Ordinal0 [0x00FBD3A0+54176]
Ordinal0 [0x00FDD9F7+186871]
Ordinal0 [0x00FDD7FD+186365]
Ordinal0 [0x00FDB70B+177931]
Ordinal0 [0x00FC2584+75140]
Ordinal0 [0x00FC3650+79440]
Ordinal0 [0x00FC35E9+79337]
Ordinal0 [0x0116AD5C+1813852]
GetHandleVerifier [0x0138C616+1075574]
GetHandleVerifier [0x0138C367+1074887]
GetHandleVerifier [0x01397497+1120247]
GetHandleVerifier [0x0138CC16+1077110]
Ordinal0 [0x01163206+1782278]
Ordinal0 [0x0116C3BB+1819579]
Ordinal0 [0x0116C523+1819939]
Ordinal0 [0x01182B45+1911621]
BaseThreadInitThunk [0x770CF989+25]
RtlGetAppContainerNamedObjectPath [0x77AA7084+228]
RtlGetAppContainerNamedObjectPath [0x77AA7054+180]

at sun.reflect.NativeConstructorAccessorImpl.newInstance0(Native Method)
at sun.reflect.NativeConstructorAccessorImpl.newInstance(NativeConstructorAccessorImpl.java:62)
at sun.reflect.DelegatingConstructorAccessorImpl.newInstance(DelegatingConstructorAccessorImpl.java:45)
at java.lang.reflect.Constructor.newInstance(Constructor.java:423)
at org.openqa.selenium.remote.W3CHandshakeResponse.lambda$errorHandler$0(W3CHandshakeResponse.java:62)
at org.openqa.selenium.remote.HandshakeResponse.lambda$getResponseFunction$0(HandshakeResponse.java:30)
at org.openqa.selenium.remote.ProtocolHandshake.lambda$createSession$0(ProtocolHandshake.java:126)
at java.util.stream.ReferencePipeline$3$1.accept(ReferencePipeline.java:193)
at java.util.Spliterators$ArraySpliterator.tryAdvance(Spliterators.java:958)
at java.util.stream.ReferencePipeline.forEachWithCancel(ReferencePipeline.java:126)
at java.util.stream.AbstractPipeline.copyIntoWithCancel(AbstractPipeline.java:499)
at java.util.stream.AbstractPipeline.copyInto(AbstractPipeline.java:486)
at java.util.stream.AbstractPipeline.wrapAndCopyInto(AbstractPipeline.java:472)
at java.util.stream.FindOps$FindOp.evaluateSequential(FindOps.java:152)
at java.util.stream.AbstractPipeline.evaluate(AbstractPipeline.java:234)
at java.util.stream.ReferencePipeline.findFirst(ReferencePipeline.java:464)
at org.openqa.selenium.remote.ProtocolHandshake.createSession(ProtocolHandshake.java:128)
at org.openqa.selenium.remote.ProtocolHandshake.createSession(ProtocolHandshake.java:74)
at org.openqa.selenium.remote.HttpCommandExecutor.execute(HttpCommandExecutor.java:136)
at org.openqa.selenium.remote.service.DriverCommandExecutor.execute(DriverCommandExecutor.java:83)
at org.openqa.selenium.remote.RemoteWebDriver.execute(RemoteWebDriver.java:552)
at org.openqa.selenium.remote.RemoteWebDriver.startSession(RemoteWebDriver.java:213)
at org.openqa.selenium.remote.RemoteWebDriver.<init>(RemoteWebDriver.java:131)
at org.openqa.selenium.chrome.ChromeDriver.<init>(ChromeDriver.java:181)
at org.openqa.selenium.chrome.ChromeDriver.<init>(ChromeDriver.java:168)
at org.openqa.selenium.chrome.ChromeDriver.<init>(ChromeDriver.java:123)
at com.github.Automate.AutomateRepository.WebDriverManagerTest(AutomateRepository.java:22)
at sun.reflect.NativeMethodAccessorImpl.invoke0(Native Method)
at sun.reflect.NativeMethodAccessorImpl.invoke(NativeMethodAccessorImpl.java:62)
at sun.reflect.DelegatingMethodAccessorImpl.invoke(DelegatingMethodAccessorImpl.java:43)
at java.lang.reflect.Method.invoke(Method.java:498)
at org.testng.internal.MethodInvocationHelper.invokeMethod(MethodInvocationHelper.java:124)
at org.testng.internal.MethodInvocationHelper.invokeMethodConsideringTimeout(MethodInvocationHelper.java:59)
at org.testng.internal.Invoker.invokeConfigurationMethod(Invoker.java:458)
at org.testng.internal.Invoker.invokeConfigurations(Invoker.java:222)
at org.testng.internal.Invoker.invokeMethod(Invoker.java:523)
at org.testng.internal.Invoker.invokeTestMethod(Invoker.java:719)
at org.testng.internal.Invoker.invokeTestMethods(Invoker.java:989)
at org.testng.internal.TestMethodWorker.invokeTestMethods(TestMethodWorker.java:125)
at org.testng.internal.TestMethodWorker.run(TestMethodWorker.java:109)
at org.testng.TestRunner.privateRun(TestRunner.java:648)
at org.testng.TestRunner.run(TestRunner.java:505)
at org.testng.SuiteRunner.runTest(SuiteRunner.java:455)
at org.testng.SuiteRunner.runSequentially(SuiteRunner.java:450)
at org.testng.SuiteRunner.privateRun(SuiteRunner.java:415)
at org.testng.SuiteRunner.run(SuiteRunner.java:364)
at org.testng.SuiteRunnerWorker.runSuite(SuiteRunnerWorker.java:52)
at org.testng.SuiteRunnerWorker.run(SuiteRunnerWorker.java:84)
at org.testng.TestNG.runSuitesSequentially(TestNG.java:1208)
at org.testng.TestNG.runSuitesLocally(TestNG.java:1137)
at org.testng.TestNG.runSuites(TestNG.java:1049)
at org.testng.TestNG.run(TestNG.java:1017)
at org.apache.maven.surefire.testng.TestNGExecutor.run(TestNGExecutor.java:283)
at org.apache.maven.surefire.testng.TestNGXmlTestSuite.execute(TestNGXmlTestSuite.java:75)
at org.apache.maven.surefire.testng.TestNGProvider.invoke(TestNGProvider.java:120)
at org.apache.maven.surefire.booter.ForkedBooter.invokeProviderInSameClassLoader(ForkedBooter.java:384)
at org.apache.maven.surefire.booter.ForkedBooter.runSuitesInProcess(ForkedBooter.java:345)
at org.apache.maven.surefire.booter.ForkedBooter.execute(ForkedBooter.java:126)
at org.apache.maven.surefire.booter.ForkedBooter.main(ForkedBooter.java:418)
]]>
    </error>
  </testcase> <!-- WebDriverManagerTest -->
  <testcase name="CreateRepository" time="0.000" classname="com.github.Automate.AutomateRepository">
    <skipped/>
  </testcase> <!-- CreateRepository -->
</testsuite> <!-- com.github.Automate.AutomateRepository -->
